<?xml version="1.0" encoding="UTF-8"?>
<!-- Generated by org.testng.reporters.JUnitReportReporter -->
<testsuite skipped="0" hostname="LAPTOP-BS7TP697" name="org.flip.Flipkart" tests="1" failures="0" timestamp="23 Dec 2021 18:35:17 GMT" time="9.066" errors="0">
  <testcase name="test" time="9.066" classname="org.flip.Flipkart"/>
</testsuite> <!-- org.flip.Flipkart -->
