<?xml version="1.0" encoding="UTF-8"?>
<!-- Generated by org.testng.reporters.JUnitReportReporter -->
<testsuite skipped="0" hostname="LAPTOP-BS7TP697" name="org.flip.Flipkart" tests="1" failures="0" timestamp="31 Dec 2021 04:45:46 GMT" time="10.851" errors="0">
  <testcase name="test" time="10.851" classname="org.flip.Flipkart"/>
</testsuite> <!-- org.flip.Flipkart -->
